<?xml version="1.0" encoding="utf-8"?><testsuites name="pytest tests"><testsuite name="pytest" errors="0" failures="0" skipped="1" tests="30" time="13.351" timestamp="2026-01-13T11:37:15.073261+00:00" hostname="b5a34681b8d8"><testcase classname="" name="tests.property.test_parser_properties" time="0.000"><skipped message="collection skipped">('/workspace/orderflow/tests/property/test_parser_properties.py', 7, 'Skipped: Hypothesis not installed.')</skipped></testcase><testcase classname="tests.combinatorial.test_generated_cases" name="test_generated_combinatorial_cases" time="8.519" /><testcase classname="tests.integration.test_repository_integration" name="test_T_INT_PLACE_001_service_persists_order" time="0.015" /><testcase classname="tests.integration.test_repository_integration" name="test_T_INT_LIST_001_grouped_outstanding_orders" time="0.026" /><testcase classname="tests.integration.test_repository_integration" name="test_T_INT_SHOW_001_retrieves_stored_order" time="0.012" /><testcase classname="tests.integration.test_repository_integration" name="test_T_INT_FULFILL_001_wrong_auth_no_transition" time="0.011" /><testcase classname="tests.integration.test_repository_integration" name="test_T_INT_FULFILL_002_second_fulfill_rejected" time="0.015" /><testcase classname="tests.integration.test_repository_integration" name="test_T_INT_SEC_001_sql_injection_input_no_schema_change" time="0.008" /><testcase classname="tests.integration.test_repository_integration" name="test_T_INT_DB_FAIL_001_database_error_no_partial_writes" time="0.012" /><testcase classname="tests.performance.test_performance_smoke" name="test_T_PERF_PLACE_001_place_smoke" time="0.750" /><testcase classname="tests.performance.test_performance_smoke" name="test_T_PERF_BATCH_001_batch_smoke" time="0.437" /><testcase classname="tests.review.test_review_checks" name="test_T_REVIEW_SEC_001_sql_uses_parameters" time="0.004" /><testcase classname="tests.review.test_review_checks" name="test_T_REVIEW_ARCH_001_testability_seams_exist" time="0.001" /><testcase classname="tests.system.test_cli_contracts" name="test_T_SYS_PLACE_001_cli_place_success" time="0.151" /><testcase classname="tests.system.test_cli_contracts" name="test_T_SYS_ERRCODES_001_invalid_mobile_exit_2" time="0.143" /><testcase classname="tests.system.test_cli_contracts" name="test_T_SYS_ERRCODES_002_message_too_long_exit_2" time="0.157" /><testcase classname="tests.system.test_cli_contracts" name="test_T_SYS_LIST_001_list_returns_outstanding" time="0.411" /><testcase classname="tests.system.test_cli_contracts" name="test_T_SYS_SHOW_001_show_returns_order_or_not_found" time="0.418" /><testcase classname="tests.system.test_cli_contracts" name="test_T_SYS_BATCH_001_batch_emits_lines_and_summary" time="0.178" /><testcase classname="tests.system.test_cli_contracts" name="test_T_SYS_BATCH_002_batch_malformed_lines" time="0.494" /><testcase classname="tests.system.test_cli_contracts" name="test_T_SYS_FULFILL_001_bad_auth_exit_3" time="0.302" /><testcase classname="tests.system.test_cli_contracts" name="test_T_SYS_LIVE_001_cli_returns_within_time" time="0.154" /><testcase classname="tests.system.test_cli_contracts" name="test_T_SYS_OUTPUT_001_stdout_deterministic" time="0.298" /><testcase classname="tests.system.test_cli_contracts" name="test_T_SYS_METRICS_001_metrics_schema_and_reset" time="0.754" /><testcase classname="tests.unit.test_parser" name="test_T_UNIT_PARSER_001_accepts_valid_partitions" time="0.000" /><testcase classname="tests.unit.test_parser" name="test_T_UNIT_PARSER_002_rejects_invalid_syntax" time="0.001" /><testcase classname="tests.unit.test_parser" name="test_T_UNIT_PARSER_003_enforces_boundaries" time="0.000" /><testcase classname="tests.unit.test_validation" name="test_T_UNIT_VALID_001_validations_accept_valid_inputs" time="0.000" /><testcase classname="tests.unit.test_validation" name="test_T_UNIT_VALID_002_mobile_boundaries" time="0.000" /><testcase classname="tests.unit.test_validation" name="test_T_UNIT_VALID_003_message_length_boundaries" time="0.001" /></testsuite></testsuites>